Using pre-set license
Built from '2021.1/staging' branch; Version is '2021.1.15f1 (e767a7370072) revision 15165351'; Using compiler version '192528614'; Build Type 'Release'
OS: 'Windows 10 Pro; OS build 19043.1110; Version 2009; 64bit' Language: 'ru' Physical Memory: 6082 MB
BatchMode: 1, IsHumanControllingUs: 0, StartBugReporterOnCrash: 0, Is64bit: 1, IsPro: 0

 COMMAND LINE ARGUMENTS:
C:\gamedev\Unity\2021.1.15f1\Editor\Unity.exe
-adb2
-batchMode
-noUpm
-name
AssetImportWorker0
-projectPath
C:/gamedev/amayasoftta/AmayaSoftTA
-logFile
Logs/AssetImportWorker0.log
-srvPort
50249
Successfully changed project path to: C:/gamedev/amayasoftta/AmayaSoftTA
C:/gamedev/amayasoftta/AmayaSoftTA
Using Asset Import Pipeline V2.
Refreshing native plugins compatible for Editor in 333.53 ms, found 4 plugins.
Preloading 0 native plugins for Editor in 0.00 ms.
Initialize engine version: 2021.1.15f1 (e767a7370072)
[Subsystems] Discovering subsystems at path C:/gamedev/Unity/2021.1.15f1/Editor/Data/Resources/UnitySubsystems
[Subsystems] Discovering subsystems at path C:/gamedev/amayasoftta/AmayaSoftTA/Assets
GfxDevice: creating device client; threaded=0; jobified=0
Direct3D:
    Version:  Direct3D 11.0 [level 11.1]
    Renderer: AMD Radeon(TM) Vega 3 Graphics (ID=0x15d8)
    Vendor:   ATI
    VRAM:     3041 MB
    Driver:   27.20.22001.14011
Initialize mono
Mono path[0] = 'C:/gamedev/Unity/2021.1.15f1/Editor/Data/Managed'
Mono path[1] = 'C:/gamedev/Unity/2021.1.15f1/Editor/Data/MonoBleedingEdge/lib/mono/unityjit'
Mono config path = 'C:/gamedev/Unity/2021.1.15f1/Editor/Data/MonoBleedingEdge/etc'
Using monoOptions --debugger-agent=transport=dt_socket,embedding=1,server=y,suspend=n,address=127.0.0.1:56564
Begin MonoManager ReloadAssembly
Registering precompiled unity dll's ...
Register platform support module: C:/gamedev/Unity/2021.1.15f1/Editor/Data/PlaybackEngines/WindowsStandaloneSupport/UnityEditor.WindowsStandalone.Extensions.dll
Registered in 0.005637 seconds.
Native extension for WindowsStandalone target not found
Refreshing native plugins compatible for Editor in 356.89 ms, found 4 plugins.
Preloading 0 native plugins for Editor in 0.00 ms.
Mono: successfully reloaded assembly
- Completed reload, in  9.290 seconds
Domain Reload Profiling:
	ReloadAssembly (9291ms)
		BeginReloadAssembly (193ms)
			ExecutionOrderSort (0ms)
			DisableScriptedObjects (0ms)
			BackupInstance (0ms)
			ReleaseScriptingObjects (0ms)
			CreateAndSetChildDomain (2ms)
		EndReloadAssembly (1645ms)
			LoadAssemblies (184ms)
			RebuildTransferFunctionScriptingTraits (0ms)
			SetupTypeCache (529ms)
			ReleaseScriptCaches (0ms)
			RebuildScriptCaches (98ms)
			SetupLoadedEditorAssemblies (866ms)
				LogAssemblyErrors (0ms)
				InitializePlatformSupportModulesInManaged (20ms)
				SetLoadedEditorAssemblies (1ms)
				RefreshPlugins (357ms)
				BeforeProcessingInitializeOnLoad (7ms)
				ProcessInitializeOnLoadAttributes (339ms)
				ProcessInitializeOnLoadMethodAttributes (141ms)
				AfterProcessingInitializeOnLoad (0ms)
				EditorAssembliesLoaded (1ms)
			ExecutionOrderSort2 (0ms)
			AwakeInstancesAfterBackupRestoration (0ms)
Platform modules already initialized, skipping
Registering precompiled user dll's ...
Registered in 0.027814 seconds.
Begin MonoManager ReloadAssembly
Symbol file LoadedFromMemory doesn't match image C:\gamedev\amayasoftta\AmayaSoftTA\Library\PackageCache\com.unity.visualscripting@1.6.1\Editor\VisualScripting.Core\Dependencies\YamlDotNet\Unity.VisualScripting.YamlDotNet.dll
Symbol file LoadedFromMemory doesn't match image C:\gamedev\amayasoftta\AmayaSoftTA\Library\PackageCache\com.unity.visualscripting@1.6.1\Editor\VisualScripting.Core\Dependencies\DotNetZip\Unity.VisualScripting.IonicZip.dll
Native extension for WindowsStandalone target not found
Refreshing native plugins compatible for Editor in 335.72 ms, found 4 plugins.
Preloading 0 native plugins for Editor in 0.00 ms.
Mono: successfully reloaded assembly
- Completed reload, in  5.241 seconds
Domain Reload Profiling:
	ReloadAssembly (5242ms)
		BeginReloadAssembly (523ms)
			ExecutionOrderSort (0ms)
			DisableScriptedObjects (21ms)
			BackupInstance (0ms)
			ReleaseScriptingObjects (0ms)
			CreateAndSetChildDomain (51ms)
		EndReloadAssembly (4441ms)
			LoadAssemblies (482ms)
			RebuildTransferFunctionScriptingTraits (0ms)
			SetupTypeCache (1363ms)
			ReleaseScriptCaches (2ms)
			RebuildScriptCaches (172ms)
			SetupLoadedEditorAssemblies (1802ms)
				LogAssemblyErrors (0ms)
				InitializePlatformSupportModulesInManaged (14ms)
				SetLoadedEditorAssemblies (0ms)
				RefreshPlugins (336ms)
				BeforeProcessingInitializeOnLoad (382ms)
				ProcessInitializeOnLoadAttributes (998ms)
				ProcessInitializeOnLoadMethodAttributes (54ms)
				AfterProcessingInitializeOnLoad (17ms)
				EditorAssembliesLoaded (0ms)
			ExecutionOrderSort2 (0ms)
			AwakeInstancesAfterBackupRestoration (32ms)
Platform modules already initialized, skipping
========================================================================
Worker process is ready to serve import requests
Launched and connected shader compiler UnityShaderCompiler.exe after 0.14 seconds
Refreshing native plugins compatible for Editor in 2.39 ms, found 4 plugins.
Preloading 0 native plugins for Editor in 0.00 ms.
Unloading 3669 Unused Serialized files (Serialized files now loaded: 0)
System memory in use before: 136.2 MB.
System memory in use after: 136.2 MB.

Unloading 37 unused Assets to reduce memory usage. Loaded Objects now: 4113.
Total: 8.418000 ms (FindLiveObjects: 0.603700 ms CreateObjectMapping: 0.238000 ms MarkObjects: 7.267700 ms  DeleteObjects: 0.304900 ms)

AssetImportParameters requested are different than current active one (requested -> active):
  custom:framework-win-MediaFoundation: 216162199b28c13a410421893ffa2e32 -> 
  custom:video-decoder-ogg-theora: a1e56fd34408186e4bbccfd4996cb3dc -> 
  custom:container-muxer-webm: aa71ff27fc2769a1b78a27578f13a17b -> 
  custom:container-demuxer-webm: 4f35f7cbe854078d1ac9338744f61a02 -> 
  custom:container-demuxer-ogg: 62fdf1f143b41e24485cea50d1cbac27 -> 
  custom:video-encoder-webm-vp8: eb34c28f22e8b96e1ab97ce403110664 -> 
  custom:video-decoder-webm-vp8: 9c59270c3fd7afecdb556c50c9e8de78 -> 
  custom:audio-decoder-ogg-vorbis: bf7c407c2cedff20999df2af8eb42d56 -> 
  custom:audio-encoder-webm-vorbis: bf7c407c2cedff20999df2af8eb42d56 -> 
========================================================================
Received Import Request.
  path: Assets/Sprites/General_Circle_256.png
  artifactKey: Guid(9b777df6ea79f444da5e9d9ddc1aad2f) Importer(815301076,1909f56bfc062723c751e8b465ee728b)
Start importing Assets/Sprites/General_Circle_256.png using Guid(9b777df6ea79f444da5e9d9ddc1aad2f) Importer(815301076,1909f56bfc062723c751e8b465ee728b)  -> (artifact id: 'a4058c3a139b4ea43d52c54e58316b0e') in 0.459077 seconds 
========================================================================
Received Import Request.
  Time since last request: 0.000491 seconds.
  path: Assets/Sprites/LC_letters_3.png
  artifactKey: Guid(2148a4bc1c00f844dafd09bf7a0572ef) Importer(815301076,1909f56bfc062723c751e8b465ee728b)
Start importing Assets/Sprites/LC_letters_3.png using Guid(2148a4bc1c00f844dafd09bf7a0572ef) Importer(815301076,1909f56bfc062723c751e8b465ee728b)  -> (artifact id: '77b31e7f281afc1a0ff62d66c21f7c1e') in 0.062539 seconds 
========================================================================
Received Import Request.
  Time since last request: 0.000526 seconds.
  path: Assets/Sprites/Letter_By_Sound_Icons.png
  artifactKey: Guid(a9a6d1facba93484f9ae2fb1f83ac020) Importer(815301076,1909f56bfc062723c751e8b465ee728b)
Start importing Assets/Sprites/Letter_By_Sound_Icons.png using Guid(a9a6d1facba93484f9ae2fb1f83ac020) Importer(815301076,1909f56bfc062723c751e8b465ee728b)  -> (artifact id: '0d95200130b876cb765637aefb0b6fd8') in 0.059648 seconds 
========================================================================
Received Import Request.
  Time since last request: 0.000543 seconds.
  path: Assets/Sprites/UI_Buttons.png
  artifactKey: Guid(c5601a17d51e8ea4e8f0dcfbb057a09f) Importer(815301076,1909f56bfc062723c751e8b465ee728b)
Start importing Assets/Sprites/UI_Buttons.png using Guid(c5601a17d51e8ea4e8f0dcfbb057a09f) Importer(815301076,1909f56bfc062723c751e8b465ee728b)  -> (artifact id: '86cd6722e328181814221fc3930aeb4e') in 0.060683 seconds 
========================================================================
Received Import Request.
  Time since last request: 0.000563 seconds.
  path: Assets/Sprites/SD_NC_Cookies_3.png
  artifactKey: Guid(9346ae57a434fc64cbb06b6bf1d55b01) Importer(815301076,1909f56bfc062723c751e8b465ee728b)
Start importing Assets/Sprites/SD_NC_Cookies_3.png using Guid(9346ae57a434fc64cbb06b6bf1d55b01) Importer(815301076,1909f56bfc062723c751e8b465ee728b)  -> (artifact id: 'd0519f79ad277131872f690e32b59276') in 0.063525 seconds 
========================================================================
Received Import Request.
  Time since last request: 0.000473 seconds.
  path: Assets/Sprites/LC_letters_1.png
  artifactKey: Guid(1e8b08cb9450b714f9947fe7f128f049) Importer(815301076,1909f56bfc062723c751e8b465ee728b)
Start importing Assets/Sprites/LC_letters_1.png using Guid(1e8b08cb9450b714f9947fe7f128f049) Importer(815301076,1909f56bfc062723c751e8b465ee728b)  -> (artifact id: '6d74df90b60d4a176df686143540a1c4') in 0.062178 seconds 
========================================================================
Received Import Request.
  Time since last request: 0.000516 seconds.
  path: Assets/Sprites/SD_NC_Cookies_1.png
  artifactKey: Guid(22c20bad39e6c5f4db582949e95c938b) Importer(815301076,1909f56bfc062723c751e8b465ee728b)
Start importing Assets/Sprites/SD_NC_Cookies_1.png using Guid(22c20bad39e6c5f4db582949e95c938b) Importer(815301076,1909f56bfc062723c751e8b465ee728b)  -> (artifact id: '69fb6ebe88d4ff0f6ad8f2e10349cf22') in 0.060938 seconds 
========================================================================
Received Import Request.
  Time since last request: 0.000514 seconds.
  path: Assets/Sprites/LC_letters_2.png
  artifactKey: Guid(ca859c029dc2c034a876d6e4b5bd1469) Importer(815301076,1909f56bfc062723c751e8b465ee728b)
Start importing Assets/Sprites/LC_letters_2.png using Guid(ca859c029dc2c034a876d6e4b5bd1469) Importer(815301076,1909f56bfc062723c751e8b465ee728b)  -> (artifact id: 'ebcd52b97cc43111939bb26c9ac58b44') in 0.060317 seconds 
========================================================================
Received Import Request.
  Time since last request: 0.000512 seconds.
  path: Assets/Sprites/SD_NC_Cookies_2.png
  artifactKey: Guid(956566d9b81b5464ebf13d55e8e87727) Importer(815301076,1909f56bfc062723c751e8b465ee728b)
Start importing Assets/Sprites/SD_NC_Cookies_2.png using Guid(956566d9b81b5464ebf13d55e8e87727) Importer(815301076,1909f56bfc062723c751e8b465ee728b)  -> (artifact id: '11a546892cfe439c505962cea1ac0288') in 0.050801 seconds 
========================================================================
Received Import Request.
  Time since last request: 64.767629 seconds.
  path: Assets/Sprites/LC_letters_1.png
  artifactKey: Guid(1e8b08cb9450b714f9947fe7f128f049) Importer(815301076,1909f56bfc062723c751e8b465ee728b)
Start importing Assets/Sprites/LC_letters_1.png using Guid(1e8b08cb9450b714f9947fe7f128f049) Importer(815301076,1909f56bfc062723c751e8b465ee728b)  -> (artifact id: 'a9f7e234f31219bf4b44097cfbcb4638') in 0.040216 seconds 
========================================================================
Received Import Request.
  Time since last request: 13.179692 seconds.
  path: Assets/Sprites/LC_letters_1.png
  artifactKey: Guid(1e8b08cb9450b714f9947fe7f128f049) Importer(815301076,1909f56bfc062723c751e8b465ee728b)
Start importing Assets/Sprites/LC_letters_1.png using Guid(1e8b08cb9450b714f9947fe7f128f049) Importer(815301076,1909f56bfc062723c751e8b465ee728b)  -> (artifact id: '82604546b49bf92c747b39c952cb55f3') in 0.169369 seconds 
========================================================================
Received Import Request.
  Time since last request: 6.396198 seconds.
  path: Assets/Sprites/LC_letters_2.png
  artifactKey: Guid(ca859c029dc2c034a876d6e4b5bd1469) Importer(815301076,1909f56bfc062723c751e8b465ee728b)
Start importing Assets/Sprites/LC_letters_2.png using Guid(ca859c029dc2c034a876d6e4b5bd1469) Importer(815301076,1909f56bfc062723c751e8b465ee728b)  -> (artifact id: '2e5879be001df2374d2cfcbc73f0c58f') in 0.035731 seconds 
========================================================================
Received Import Request.
  Time since last request: 6.352453 seconds.
  path: Assets/Sprites/LC_letters_2.png
  artifactKey: Guid(ca859c029dc2c034a876d6e4b5bd1469) Importer(815301076,1909f56bfc062723c751e8b465ee728b)
Start importing Assets/Sprites/LC_letters_2.png using Guid(ca859c029dc2c034a876d6e4b5bd1469) Importer(815301076,1909f56bfc062723c751e8b465ee728b)  -> (artifact id: '8281733166e7833b4594c0ad7addce6b') in 0.149347 seconds 
========================================================================
Received Import Request.
  Time since last request: 3.940531 seconds.
  path: Assets/Sprites/LC_letters_3.png
  artifactKey: Guid(2148a4bc1c00f844dafd09bf7a0572ef) Importer(815301076,1909f56bfc062723c751e8b465ee728b)
Start importing Assets/Sprites/LC_letters_3.png using Guid(2148a4bc1c00f844dafd09bf7a0572ef) Importer(815301076,1909f56bfc062723c751e8b465ee728b)  -> (artifact id: 'db95d2c500ab2b6c97e616f1337d557a') in 0.040360 seconds 
========================================================================
Received Import Request.
  Time since last request: 9.387012 seconds.
  path: Assets/Sprites/LC_letters_3.png
  artifactKey: Guid(2148a4bc1c00f844dafd09bf7a0572ef) Importer(815301076,1909f56bfc062723c751e8b465ee728b)
Start importing Assets/Sprites/LC_letters_3.png using Guid(2148a4bc1c00f844dafd09bf7a0572ef) Importer(815301076,1909f56bfc062723c751e8b465ee728b)  -> (artifact id: 'b017c17edd3dba9ca185c6a3eab05f01') in 0.066723 seconds 
========================================================================
Received Import Request.
  Time since last request: 6.707000 seconds.
  path: Assets/Sprites/SD_NC_Cookies_1.png
  artifactKey: Guid(22c20bad39e6c5f4db582949e95c938b) Importer(815301076,1909f56bfc062723c751e8b465ee728b)
Start importing Assets/Sprites/SD_NC_Cookies_1.png using Guid(22c20bad39e6c5f4db582949e95c938b) Importer(815301076,1909f56bfc062723c751e8b465ee728b)  -> (artifact id: 'd6d4f19549829b392e94e518a5d0d011') in 0.038029 seconds 
========================================================================
Received Import Request.
  Time since last request: 7.369622 seconds.
  path: Assets/Sprites/SD_NC_Cookies_1.png
  artifactKey: Guid(22c20bad39e6c5f4db582949e95c938b) Importer(815301076,1909f56bfc062723c751e8b465ee728b)
Start importing Assets/Sprites/SD_NC_Cookies_1.png using Guid(22c20bad39e6c5f4db582949e95c938b) Importer(815301076,1909f56bfc062723c751e8b465ee728b)  -> (artifact id: 'db48053bdab58e04432d2d1ace2bda04') in 0.109598 seconds 
========================================================================
Received Import Request.
  Time since last request: 4.438937 seconds.
  path: Assets/Sprites/SD_NC_Cookies_2.png
  artifactKey: Guid(956566d9b81b5464ebf13d55e8e87727) Importer(815301076,1909f56bfc062723c751e8b465ee728b)
Start importing Assets/Sprites/SD_NC_Cookies_2.png using Guid(956566d9b81b5464ebf13d55e8e87727) Importer(815301076,1909f56bfc062723c751e8b465ee728b)  -> (artifact id: '16ad411acb647daed68220a051993e7d') in 0.042610 seconds 
========================================================================
Received Import Request.
  Time since last request: 5.070569 seconds.
  path: Assets/Sprites/SD_NC_Cookies_2.png
  artifactKey: Guid(956566d9b81b5464ebf13d55e8e87727) Importer(815301076,1909f56bfc062723c751e8b465ee728b)
Start importing Assets/Sprites/SD_NC_Cookies_2.png using Guid(956566d9b81b5464ebf13d55e8e87727) Importer(815301076,1909f56bfc062723c751e8b465ee728b)  -> (artifact id: '36880a723f1f80c836e746cc75368884') in 0.054635 seconds 
========================================================================
Received Import Request.
  Time since last request: 4.431261 seconds.
  path: Assets/Sprites/SD_NC_Cookies_3.png
  artifactKey: Guid(9346ae57a434fc64cbb06b6bf1d55b01) Importer(815301076,1909f56bfc062723c751e8b465ee728b)
Start importing Assets/Sprites/SD_NC_Cookies_3.png using Guid(9346ae57a434fc64cbb06b6bf1d55b01) Importer(815301076,1909f56bfc062723c751e8b465ee728b)  -> (artifact id: 'a66598dd8cf2c3457b502a84e4e8f455') in 0.044818 seconds 
========================================================================
Received Import Request.
  Time since last request: 6.936249 seconds.
  path: Assets/Sprites/SD_NC_Cookies_3.png
  artifactKey: Guid(9346ae57a434fc64cbb06b6bf1d55b01) Importer(815301076,1909f56bfc062723c751e8b465ee728b)
Start importing Assets/Sprites/SD_NC_Cookies_3.png using Guid(9346ae57a434fc64cbb06b6bf1d55b01) Importer(815301076,1909f56bfc062723c751e8b465ee728b)  -> (artifact id: '6515fab827760522f4f95c92f2105737') in 0.069896 seconds 
========================================================================
Received Import Request.
  Time since last request: 5.039447 seconds.
  path: Assets/Sprites/UI_Buttons.png
  artifactKey: Guid(c5601a17d51e8ea4e8f0dcfbb057a09f) Importer(815301076,1909f56bfc062723c751e8b465ee728b)
Start importing Assets/Sprites/UI_Buttons.png using Guid(c5601a17d51e8ea4e8f0dcfbb057a09f) Importer(815301076,1909f56bfc062723c751e8b465ee728b)  -> (artifact id: '78df546bd729fb32310af11afac8212a') in 0.034194 seconds 
========================================================================
Received Import Request.
  Time since last request: 5.347326 seconds.
  path: Assets/Sprites/UI_Buttons.png
  artifactKey: Guid(c5601a17d51e8ea4e8f0dcfbb057a09f) Importer(815301076,1909f56bfc062723c751e8b465ee728b)
Start importing Assets/Sprites/UI_Buttons.png using Guid(c5601a17d51e8ea4e8f0dcfbb057a09f) Importer(815301076,1909f56bfc062723c751e8b465ee728b)  -> (artifact id: 'd4c8fcf52543c50e98fc421a5cdd3f3e') in 0.081702 seconds 
========================================================================
Received Import Request.
  Time since last request: 63.716389 seconds.
  path: Assets/Scenes/SampleScene.unity
  artifactKey: Guid(2cda990e2423bbf4892e6590ba056729) Importer(815301076,1909f56bfc062723c751e8b465ee728b)
Start importing Assets/Scenes/SampleScene.unity using Guid(2cda990e2423bbf4892e6590ba056729) Importer(815301076,1909f56bfc062723c751e8b465ee728b)  -> (artifact id: '9fffa268c84671929c23e14b3366a74a') in 0.027929 seconds 
========================================================================
Received Import Request.
  Time since last request: 6.054211 seconds.
  path: Assets/Scenes/Game.unity
  artifactKey: Guid(2cda990e2423bbf4892e6590ba056729) Importer(815301076,1909f56bfc062723c751e8b465ee728b)
Start importing Assets/Scenes/Game.unity using Guid(2cda990e2423bbf4892e6590ba056729) Importer(815301076,1909f56bfc062723c751e8b465ee728b)  -> (artifact id: '087b6212aa977821d631576e6f0d1f50') in 0.022664 seconds 
========================================================================
Received Prepare
Registering precompiled user dll's ...
Registered in 0.024456 seconds.
Begin MonoManager ReloadAssembly
Symbol file LoadedFromMemory doesn't match image C:\gamedev\amayasoftta\AmayaSoftTA\Library\PackageCache\com.unity.visualscripting@1.6.1\Editor\VisualScripting.Core\Dependencies\YamlDotNet\Unity.VisualScripting.YamlDotNet.dll
Symbol file LoadedFromMemory doesn't match image C:\gamedev\amayasoftta\AmayaSoftTA\Library\PackageCache\com.unity.visualscripting@1.6.1\Editor\VisualScripting.Core\Dependencies\DotNetZip\Unity.VisualScripting.IonicZip.dll
Native extension for WindowsStandalone target not found
Refreshing native plugins compatible for Editor in 1.86 ms, found 4 plugins.
Preloading 0 native plugins for Editor in 0.00 ms.
Mono: successfully reloaded assembly
- Completed reload, in  4.475 seconds
Domain Reload Profiling:
	ReloadAssembly (4475ms)
		BeginReloadAssembly (466ms)
			ExecutionOrderSort (0ms)
			DisableScriptedObjects (29ms)
			BackupInstance (0ms)
			ReleaseScriptingObjects (0ms)
			CreateAndSetChildDomain (150ms)
		EndReloadAssembly (3727ms)
			LoadAssemblies (386ms)
			RebuildTransferFunctionScriptingTraits (1ms)
			SetupTypeCache (1777ms)
			ReleaseScriptCaches (2ms)
			RebuildScriptCaches (118ms)
			SetupLoadedEditorAssemblies (1108ms)
				LogAssemblyErrors (0ms)
				InitializePlatformSupportModulesInManaged (22ms)
				SetLoadedEditorAssemblies (3ms)
				RefreshPlugins (2ms)
				BeforeProcessingInitializeOnLoad (246ms)
				ProcessInitializeOnLoadAttributes (782ms)
				ProcessInitializeOnLoadMethodAttributes (32ms)
				AfterProcessingInitializeOnLoad (20ms)
				EditorAssembliesLoaded (1ms)
			ExecutionOrderSort2 (0ms)
			AwakeInstancesAfterBackupRestoration (45ms)
Platform modules already initialized, skipping
Refreshing native plugins compatible for Editor in 1.75 ms, found 4 plugins.
Preloading 0 native plugins for Editor in 0.00 ms.
Unloading 3684 Unused Serialized files (Serialized files now loaded: 0)
System memory in use before: 154.6 MB.
System memory in use after: 154.7 MB.

Unloading 28 unused Assets to reduce memory usage. Loaded Objects now: 4530.
Total: 7.877200 ms (FindLiveObjects: 0.647700 ms CreateObjectMapping: 0.253300 ms MarkObjects: 6.726800 ms  DeleteObjects: 0.246300 ms)

AssetImportParameters requested are different than current active one (requested -> active):
  custom:framework-win-MediaFoundation: 216162199b28c13a410421893ffa2e32 -> 
  custom:video-decoder-ogg-theora: a1e56fd34408186e4bbccfd4996cb3dc -> 
  custom:container-muxer-webm: aa71ff27fc2769a1b78a27578f13a17b -> 
  custom:container-demuxer-webm: 4f35f7cbe854078d1ac9338744f61a02 -> 
  custom:container-demuxer-ogg: 62fdf1f143b41e24485cea50d1cbac27 -> 
  custom:video-encoder-webm-vp8: eb34c28f22e8b96e1ab97ce403110664 -> 
  custom:video-decoder-webm-vp8: 9c59270c3fd7afecdb556c50c9e8de78 -> 
  custom:audio-decoder-ogg-vorbis: bf7c407c2cedff20999df2af8eb42d56 -> 
  custom:audio-encoder-webm-vorbis: bf7c407c2cedff20999df2af8eb42d56 -> 
========================================================================
Received Prepare
Registering precompiled user dll's ...
Registered in 0.012489 seconds.
Begin MonoManager ReloadAssembly
Symbol file LoadedFromMemory doesn't match image C:\gamedev\amayasoftta\AmayaSoftTA\Library\PackageCache\com.unity.visualscripting@1.6.1\Editor\VisualScripting.Core\Dependencies\YamlDotNet\Unity.VisualScripting.YamlDotNet.dll
Symbol file LoadedFromMemory doesn't match image C:\gamedev\amayasoftta\AmayaSoftTA\Library\PackageCache\com.unity.visualscripting@1.6.1\Editor\VisualScripting.Core\Dependencies\DotNetZip\Unity.VisualScripting.IonicZip.dll
Native extension for WindowsStandalone target not found
Refreshing native plugins compatible for Editor in 2.52 ms, found 4 plugins.
Preloading 0 native plugins for Editor in 0.00 ms.
Mono: successfully reloaded assembly
- Completed reload, in  4.263 seconds
Domain Reload Profiling:
	ReloadAssembly (4264ms)
		BeginReloadAssembly (433ms)
			ExecutionOrderSort (0ms)
			DisableScriptedObjects (51ms)
			BackupInstance (0ms)
			ReleaseScriptingObjects (0ms)
			CreateAndSetChildDomain (130ms)
		EndReloadAssembly (3591ms)
			LoadAssemblies (383ms)
			RebuildTransferFunctionScriptingTraits (0ms)
			SetupTypeCache (1295ms)
			ReleaseScriptCaches (2ms)
			RebuildScriptCaches (138ms)
			SetupLoadedEditorAssemblies (1224ms)
				LogAssemblyErrors (0ms)
				InitializePlatformSupportModulesInManaged (16ms)
				SetLoadedEditorAssemblies (1ms)
				RefreshPlugins (3ms)
				BeforeProcessingInitializeOnLoad (236ms)
				ProcessInitializeOnLoadAttributes (903ms)
				ProcessInitializeOnLoadMethodAttributes (36ms)
				AfterProcessingInitializeOnLoad (28ms)
				EditorAssembliesLoaded (0ms)
			ExecutionOrderSort2 (0ms)
			AwakeInstancesAfterBackupRestoration (83ms)
Platform modules already initialized, skipping
Refreshing native plugins compatible for Editor in 1.93 ms, found 4 plugins.
Preloading 0 native plugins for Editor in 0.00 ms.
Unloading 3674 Unused Serialized files (Serialized files now loaded: 0)
System memory in use before: 154.3 MB.
System memory in use after: 154.4 MB.

Unloading 27 unused Assets to reduce memory usage. Loaded Objects now: 4534.
Total: 22.127600 ms (FindLiveObjects: 1.866000 ms CreateObjectMapping: 0.649400 ms MarkObjects: 19.264700 ms  DeleteObjects: 0.343800 ms)

AssetImportParameters requested are different than current active one (requested -> active):
  custom:framework-win-MediaFoundation: 216162199b28c13a410421893ffa2e32 -> 
  custom:video-decoder-ogg-theora: a1e56fd34408186e4bbccfd4996cb3dc -> 
  custom:container-muxer-webm: aa71ff27fc2769a1b78a27578f13a17b -> 
  custom:container-demuxer-webm: 4f35f7cbe854078d1ac9338744f61a02 -> 
  custom:container-demuxer-ogg: 62fdf1f143b41e24485cea50d1cbac27 -> 
  custom:video-encoder-webm-vp8: eb34c28f22e8b96e1ab97ce403110664 -> 
  custom:video-decoder-webm-vp8: 9c59270c3fd7afecdb556c50c9e8de78 -> 
  custom:audio-decoder-ogg-vorbis: bf7c407c2cedff20999df2af8eb42d56 -> 
  custom:audio-encoder-webm-vorbis: bf7c407c2cedff20999df2af8eb42d56 -> 
========================================================================
Received Import Request.
  Time since last request: 198.622138 seconds.
  path: Assets/DOTween/Editor
  artifactKey: Guid(03221caa9e501de498535860df9d9f5b) Importer(815301076,1909f56bfc062723c751e8b465ee728b)
Start importing Assets/DOTween/Editor using Guid(03221caa9e501de498535860df9d9f5b) Importer(815301076,1909f56bfc062723c751e8b465ee728b)  -> (artifact id: 'c7f9c86ef0f9842585e2f08cf2953946') in 0.046088 seconds 
========================================================================
Received Import Request.
  Time since last request: 1.559140 seconds.
  path: Assets/DOTween/Editor/Imgs
  artifactKey: Guid(131147bc1e6cbdf44aa8dd6addb4da54) Importer(815301076,1909f56bfc062723c751e8b465ee728b)
Start importing Assets/DOTween/Editor/Imgs using Guid(131147bc1e6cbdf44aa8dd6addb4da54) Importer(815301076,1909f56bfc062723c751e8b465ee728b)  -> (artifact id: '4753be6a206e60a7967f5147bb824919') in 0.028938 seconds 
========================================================================
Received Import Request.
  Time since last request: 0.083075 seconds.
  path: Assets/DOTween/Editor/Imgs/DOTweenIcon.png
  artifactKey: Guid(c87c04f8797d2744183b08a4aaf89c9f) Importer(815301076,1909f56bfc062723c751e8b465ee728b)
Start importing Assets/DOTween/Editor/Imgs/DOTweenIcon.png using Guid(c87c04f8797d2744183b08a4aaf89c9f) Importer(815301076,1909f56bfc062723c751e8b465ee728b)  -> (artifact id: 'f31fdf24f25eaf41104f750bcf8ce8c2') in 0.157261 seconds 
========================================================================
Received Import Request.
  Time since last request: 0.000536 seconds.
  path: Assets/DOTween/Editor/Imgs/Header.jpg
  artifactKey: Guid(9c24179aec506514d87c553090140ff6) Importer(815301076,1909f56bfc062723c751e8b465ee728b)
Start importing Assets/DOTween/Editor/Imgs/Header.jpg using Guid(9c24179aec506514d87c553090140ff6) Importer(815301076,1909f56bfc062723c751e8b465ee728b)  -> (artifact id: '22853894e879eb1f15427215f73e441c') in 0.070292 seconds 
========================================================================
Received Import Request.
  Time since last request: 0.000551 seconds.
  path: Assets/DOTween/Editor/Imgs/DOTweenMiniIcon.png
  artifactKey: Guid(4d8b0d2d7adc1a14aafbb585412c237c) Importer(815301076,1909f56bfc062723c751e8b465ee728b)
Start importing Assets/DOTween/Editor/Imgs/DOTweenMiniIcon.png using Guid(4d8b0d2d7adc1a14aafbb585412c237c) Importer(815301076,1909f56bfc062723c751e8b465ee728b)  -> (artifact id: 'bb13e0cd6a8a4439facb55a795587f74') in 0.053807 seconds 
========================================================================
Received Import Request.
  Time since last request: 0.000574 seconds.
  path: Assets/DOTween/Editor/Imgs/Footer_dark.png
  artifactKey: Guid(0ec6fd4caefec4043ba5f22e5188fbe3) Importer(815301076,1909f56bfc062723c751e8b465ee728b)
Start importing Assets/DOTween/Editor/Imgs/Footer_dark.png using Guid(0ec6fd4caefec4043ba5f22e5188fbe3) Importer(815301076,1909f56bfc062723c751e8b465ee728b)  -> (artifact id: '10412332754a698b3ca24ddd83115540') in 0.045762 seconds 
========================================================================
Received Import Request.
  Time since last request: 0.000533 seconds.
  path: Assets/DOTween/Editor/Imgs/Footer.png
  artifactKey: Guid(be991449c78d963409c7cbcde973f8c4) Importer(815301076,1909f56bfc062723c751e8b465ee728b)
Start importing Assets/DOTween/Editor/Imgs/Footer.png using Guid(be991449c78d963409c7cbcde973f8c4) Importer(815301076,1909f56bfc062723c751e8b465ee728b)  -> (artifact id: 'fc1189ece2c1b77724ca528f80f4eede') in 0.045049 seconds 
========================================================================
Received Import Request.
  Time since last request: 2.805513 seconds.
  path: Assets/DOTween/Editor/DOTweenEditor.dll
  artifactKey: Guid(3634062ed593b9441a139f5eb416497d) Importer(815301076,1909f56bfc062723c751e8b465ee728b)
Start importing Assets/DOTween/Editor/DOTweenEditor.dll using Guid(3634062ed593b9441a139f5eb416497d) Importer(815301076,1909f56bfc062723c751e8b465ee728b)  -> (artifact id: '9951cb4378a2db65d32b226c48e9be20') in 0.033953 seconds 
========================================================================
Received Import Request.
  Time since last request: 89.336297 seconds.
  path: Assets
  artifactKey: Guid(00000000000000001000000000000000) Importer(815301076,1909f56bfc062723c751e8b465ee728b)
Start importing Assets using Guid(00000000000000001000000000000000) Importer(815301076,1909f56bfc062723c751e8b465ee728b)  -> (artifact id: '68a4034d3d715da871e781da702f0bc5') in 0.041747 seconds 
========================================================================
Received Import Request.
  Time since last request: 3.547601 seconds.
  path: Assets/NewBehaviourScript.cs
  artifactKey: Guid(850fd23b11f298b429744d2762751990) Importer(815301076,1909f56bfc062723c751e8b465ee728b)
Start importing Assets/NewBehaviourScript.cs using Guid(850fd23b11f298b429744d2762751990) Importer(815301076,1909f56bfc062723c751e8b465ee728b)  -> (artifact id: '131d2752aed23bfec3e7257c3de73743') in 0.046434 seconds 
========================================================================
Received Prepare
Registering precompiled user dll's ...
Registered in 0.029204 seconds.
Begin MonoManager ReloadAssembly
Symbol file LoadedFromMemory doesn't match image C:\gamedev\amayasoftta\AmayaSoftTA\Library\PackageCache\com.unity.visualscripting@1.6.1\Editor\VisualScripting.Core\Dependencies\YamlDotNet\Unity.VisualScripting.YamlDotNet.dll
Symbol file LoadedFromMemory doesn't match image C:\gamedev\amayasoftta\AmayaSoftTA\Library\PackageCache\com.unity.visualscripting@1.6.1\Editor\VisualScripting.Core\Dependencies\DotNetZip\Unity.VisualScripting.IonicZip.dll
Native extension for WindowsStandalone target not found
Refreshing native plugins compatible for Editor in 1.42 ms, found 4 plugins.
Preloading 0 native plugins for Editor in 0.00 ms.
Mono: successfully reloaded assembly
- Completed reload, in  4.024 seconds
Domain Reload Profiling:
	ReloadAssembly (4025ms)
		BeginReloadAssembly (363ms)
			ExecutionOrderSort (0ms)
			DisableScriptedObjects (26ms)
			BackupInstance (0ms)
			ReleaseScriptingObjects (0ms)
			CreateAndSetChildDomain (113ms)
		EndReloadAssembly (3405ms)
			LoadAssemblies (361ms)
			RebuildTransferFunctionScriptingTraits (0ms)
			SetupTypeCache (1378ms)
			ReleaseScriptCaches (3ms)
			RebuildScriptCaches (156ms)
			SetupLoadedEditorAssemblies (1040ms)
				LogAssemblyErrors (0ms)
				InitializePlatformSupportModulesInManaged (20ms)
				SetLoadedEditorAssemblies (1ms)
				RefreshPlugins (2ms)
				BeforeProcessingInitializeOnLoad (224ms)
				ProcessInitializeOnLoadAttributes (728ms)
				ProcessInitializeOnLoadMethodAttributes (40ms)
				AfterProcessingInitializeOnLoad (24ms)
				EditorAssembliesLoaded (0ms)
			ExecutionOrderSort2 (0ms)
			AwakeInstancesAfterBackupRestoration (90ms)
Platform modules already initialized, skipping
Refreshing native plugins compatible for Editor in 1.70 ms, found 4 plugins.
Preloading 0 native plugins for Editor in 0.00 ms.
Unloading 3679 Unused Serialized files (Serialized files now loaded: 0)
System memory in use before: 156.6 MB.
System memory in use after: 156.7 MB.

Unloading 27 unused Assets to reduce memory usage. Loaded Objects now: 4622.
Total: 8.333900 ms (FindLiveObjects: 0.839300 ms CreateObjectMapping: 0.347000 ms MarkObjects: 6.885200 ms  DeleteObjects: 0.258600 ms)

AssetImportParameters requested are different than current active one (requested -> active):
  custom:framework-win-MediaFoundation: 216162199b28c13a410421893ffa2e32 -> 
  custom:video-decoder-ogg-theora: a1e56fd34408186e4bbccfd4996cb3dc -> 
  custom:container-muxer-webm: aa71ff27fc2769a1b78a27578f13a17b -> 
  custom:container-demuxer-webm: 4f35f7cbe854078d1ac9338744f61a02 -> 
  custom:container-demuxer-ogg: 62fdf1f143b41e24485cea50d1cbac27 -> 
  custom:video-encoder-webm-vp8: eb34c28f22e8b96e1ab97ce403110664 -> 
  custom:video-decoder-webm-vp8: 9c59270c3fd7afecdb556c50c9e8de78 -> 
  custom:audio-decoder-ogg-vorbis: bf7c407c2cedff20999df2af8eb42d56 -> 
  custom:audio-encoder-webm-vorbis: bf7c407c2cedff20999df2af8eb42d56 -> 
========================================================================
Received Import Request.
  Time since last request: 25.309139 seconds.
  path: Assets/Scripts
  artifactKey: Guid(e48e5c9ee7dfdcb498dfbbd5b5b27ee2) Importer(815301076,1909f56bfc062723c751e8b465ee728b)
Start importing Assets/Scripts using Guid(e48e5c9ee7dfdcb498dfbbd5b5b27ee2) Importer(815301076,1909f56bfc062723c751e8b465ee728b)  -> (artifact id: '34fc7dae4ab8efa544d307e60a87c70b') in 0.030620 seconds 
========================================================================
Received Import Request.
  Time since last request: 26.167836 seconds.
  path: Assets/ScriptableObjects
  artifactKey: Guid(f0d7b64e86c30ba4889b46f5577f04d0) Importer(815301076,1909f56bfc062723c751e8b465ee728b)
Start importing Assets/ScriptableObjects using Guid(f0d7b64e86c30ba4889b46f5577f04d0) Importer(815301076,1909f56bfc062723c751e8b465ee728b)  -> (artifact id: '81de0fdb91c14885ad4f5c74d1fd1822') in 0.035927 seconds 
========================================================================
Received Import Request.
  Time since last request: 12.181431 seconds.
  path: Assets/ScriptableObjects/CardData.cs
  artifactKey: Guid(3f33d53fb30bcc24d85c462ee964fda8) Importer(815301076,1909f56bfc062723c751e8b465ee728b)
Start importing Assets/ScriptableObjects/CardData.cs using Guid(3f33d53fb30bcc24d85c462ee964fda8) Importer(815301076,1909f56bfc062723c751e8b465ee728b)  -> (artifact id: '66803557680b6426b0c56b7fd860cf5d') in 0.023732 seconds 
========================================================================
Received Prepare
Registering precompiled user dll's ...
Registered in 0.515967 seconds.
Begin MonoManager ReloadAssembly
Symbol file LoadedFromMemory doesn't match image C:\gamedev\amayasoftta\AmayaSoftTA\Library\PackageCache\com.unity.visualscripting@1.6.1\Editor\VisualScripting.Core\Dependencies\YamlDotNet\Unity.VisualScripting.YamlDotNet.dll
Symbol file LoadedFromMemory doesn't match image C:\gamedev\amayasoftta\AmayaSoftTA\Library\PackageCache\com.unity.visualscripting@1.6.1\Editor\VisualScripting.Core\Dependencies\DotNetZip\Unity.VisualScripting.IonicZip.dll
Native extension for WindowsStandalone target not found
Refreshing native plugins compatible for Editor in 2.01 ms, found 4 plugins.
Preloading 0 native plugins for Editor in 0.00 ms.
Mono: successfully reloaded assembly
- Completed reload, in  4.054 seconds
Domain Reload Profiling:
	ReloadAssembly (4055ms)
		BeginReloadAssembly (373ms)
			ExecutionOrderSort (0ms)
			DisableScriptedObjects (30ms)
			BackupInstance (0ms)
			ReleaseScriptingObjects (0ms)
			CreateAndSetChildDomain (127ms)
		EndReloadAssembly (3477ms)
			LoadAssemblies (300ms)
			RebuildTransferFunctionScriptingTraits (0ms)
			SetupTypeCache (1297ms)
			ReleaseScriptCaches (4ms)
			RebuildScriptCaches (182ms)
			SetupLoadedEditorAssemblies (1279ms)
				LogAssemblyErrors (0ms)
				InitializePlatformSupportModulesInManaged (16ms)
				SetLoadedEditorAssemblies (1ms)
				RefreshPlugins (2ms)
				BeforeProcessingInitializeOnLoad (214ms)
				ProcessInitializeOnLoadAttributes (999ms)
				ProcessInitializeOnLoadMethodAttributes (26ms)
				AfterProcessingInitializeOnLoad (20ms)
				EditorAssembliesLoaded (1ms)
			ExecutionOrderSort2 (0ms)
			AwakeInstancesAfterBackupRestoration (55ms)
Platform modules already initialized, skipping
Script is not up to date after domain reload: guid(72cc4a408e52fc7439809f831abcdbd3) path("Assets/ScriptableObjects/CardBundleData.cs") state(2)
Refreshing native plugins compatible for Editor in 6.48 ms, found 4 plugins.
Preloading 0 native plugins for Editor in 0.00 ms.
Unloading 3675 Unused Serialized files (Serialized files now loaded: 0)
System memory in use before: 156.5 MB.
System memory in use after: 156.6 MB.

Unloading 27 unused Assets to reduce memory usage. Loaded Objects now: 4627.
Total: 10.030100 ms (FindLiveObjects: 0.906900 ms CreateObjectMapping: 0.340400 ms MarkObjects: 8.453800 ms  DeleteObjects: 0.325000 ms)

AssetImportParameters requested are different than current active one (requested -> active):
  custom:framework-win-MediaFoundation: 216162199b28c13a410421893ffa2e32 -> 
  custom:video-decoder-ogg-theora: a1e56fd34408186e4bbccfd4996cb3dc -> 
  custom:container-muxer-webm: aa71ff27fc2769a1b78a27578f13a17b -> 
  custom:container-demuxer-webm: 4f35f7cbe854078d1ac9338744f61a02 -> 
  custom:container-demuxer-ogg: 62fdf1f143b41e24485cea50d1cbac27 -> 
  custom:video-encoder-webm-vp8: eb34c28f22e8b96e1ab97ce403110664 -> 
  custom:video-decoder-webm-vp8: 9c59270c3fd7afecdb556c50c9e8de78 -> 
  custom:audio-decoder-ogg-vorbis: bf7c407c2cedff20999df2af8eb42d56 -> 
  custom:audio-encoder-webm-vorbis: bf7c407c2cedff20999df2af8eb42d56 -> 
========================================================================
Received Prepare
Registering precompiled user dll's ...
Registered in 0.018485 seconds.
Begin MonoManager ReloadAssembly
Symbol file LoadedFromMemory doesn't match image C:\gamedev\amayasoftta\AmayaSoftTA\Library\PackageCache\com.unity.visualscripting@1.6.1\Editor\VisualScripting.Core\Dependencies\YamlDotNet\Unity.VisualScripting.YamlDotNet.dll
Symbol file LoadedFromMemory doesn't match image C:\gamedev\amayasoftta\AmayaSoftTA\Library\PackageCache\com.unity.visualscripting@1.6.1\Editor\VisualScripting.Core\Dependencies\DotNetZip\Unity.VisualScripting.IonicZip.dll
Native extension for WindowsStandalone target not found
Refreshing native plugins compatible for Editor in 2.37 ms, found 4 plugins.
Preloading 0 native plugins for Editor in 0.00 ms.
Mono: successfully reloaded assembly
- Completed reload, in  5.463 seconds
Domain Reload Profiling:
	ReloadAssembly (5464ms)
		BeginReloadAssembly (606ms)
			ExecutionOrderSort (0ms)
			DisableScriptedObjects (41ms)
			BackupInstance (0ms)
			ReleaseScriptingObjects (0ms)
			CreateAndSetChildDomain (176ms)
		EndReloadAssembly (4461ms)
			LoadAssemblies (844ms)
			RebuildTransferFunctionScriptingTraits (0ms)
			SetupTypeCache (1602ms)
			ReleaseScriptCaches (4ms)
			RebuildScriptCaches (185ms)
			SetupLoadedEditorAssemblies (1183ms)
				LogAssemblyErrors (0ms)
				InitializePlatformSupportModulesInManaged (32ms)
				SetLoadedEditorAssemblies (2ms)
				RefreshPlugins (3ms)
				BeforeProcessingInitializeOnLoad (226ms)
				ProcessInitializeOnLoadAttributes (853ms)
				ProcessInitializeOnLoadMethodAttributes (42ms)
				AfterProcessingInitializeOnLoad (25ms)
				EditorAssembliesLoaded (1ms)
			ExecutionOrderSort2 (0ms)
			AwakeInstancesAfterBackupRestoration (117ms)
Platform modules already initialized, skipping
Refreshing native plugins compatible for Editor in 1.95 ms, found 4 plugins.
Preloading 0 native plugins for Editor in 0.00 ms.
Unloading 3676 Unused Serialized files (Serialized files now loaded: 0)
System memory in use before: 156.5 MB.
System memory in use after: 156.7 MB.

Unloading 27 unused Assets to reduce memory usage. Loaded Objects now: 4632.
Total: 9.598900 ms (FindLiveObjects: 0.734400 ms CreateObjectMapping: 0.263000 ms MarkObjects: 8.311600 ms  DeleteObjects: 0.286100 ms)

AssetImportParameters requested are different than current active one (requested -> active):
  custom:framework-win-MediaFoundation: 216162199b28c13a410421893ffa2e32 -> 
  custom:video-decoder-ogg-theora: a1e56fd34408186e4bbccfd4996cb3dc -> 
  custom:container-muxer-webm: aa71ff27fc2769a1b78a27578f13a17b -> 
  custom:container-demuxer-webm: 4f35f7cbe854078d1ac9338744f61a02 -> 
  custom:container-demuxer-ogg: 62fdf1f143b41e24485cea50d1cbac27 -> 
  custom:video-encoder-webm-vp8: eb34c28f22e8b96e1ab97ce403110664 -> 
  custom:video-decoder-webm-vp8: 9c59270c3fd7afecdb556c50c9e8de78 -> 
  custom:audio-decoder-ogg-vorbis: bf7c407c2cedff20999df2af8eb42d56 -> 
  custom:audio-encoder-webm-vorbis: bf7c407c2cedff20999df2af8eb42d56 -> 
========================================================================
Received Import Request.
  Time since last request: 422.131697 seconds.
  path: Assets/ScriptableObjects/CardBundleData.cs
  artifactKey: Guid(72cc4a408e52fc7439809f831abcdbd3) Importer(815301076,1909f56bfc062723c751e8b465ee728b)
Start importing Assets/ScriptableObjects/CardBundleData.cs using Guid(72cc4a408e52fc7439809f831abcdbd3) Importer(815301076,1909f56bfc062723c751e8b465ee728b)  -> (artifact id: 'b5c7bb0ae6158daa5abb429e95349012') in 0.042513 seconds 
========================================================================
Received Prepare
Registering precompiled user dll's ...
Registered in 0.027335 seconds.
Begin MonoManager ReloadAssembly
Symbol file LoadedFromMemory doesn't match image C:\gamedev\amayasoftta\AmayaSoftTA\Library\PackageCache\com.unity.visualscripting@1.6.1\Editor\VisualScripting.Core\Dependencies\YamlDotNet\Unity.VisualScripting.YamlDotNet.dll
Symbol file LoadedFromMemory doesn't match image C:\gamedev\amayasoftta\AmayaSoftTA\Library\PackageCache\com.unity.visualscripting@1.6.1\Editor\VisualScripting.Core\Dependencies\DotNetZip\Unity.VisualScripting.IonicZip.dll
Native extension for WindowsStandalone target not found
Refreshing native plugins compatible for Editor in 3.16 ms, found 4 plugins.
Preloading 0 native plugins for Editor in 0.00 ms.
Mono: successfully reloaded assembly
- Completed reload, in  4.500 seconds
Domain Reload Profiling:
	ReloadAssembly (4501ms)
		BeginReloadAssembly (321ms)
			ExecutionOrderSort (0ms)
			DisableScriptedObjects (33ms)
			BackupInstance (0ms)
			ReleaseScriptingObjects (0ms)
			CreateAndSetChildDomain (98ms)
		EndReloadAssembly (3959ms)
			LoadAssemblies (284ms)
			RebuildTransferFunctionScriptingTraits (0ms)
			SetupTypeCache (1379ms)
			ReleaseScriptCaches (4ms)
			RebuildScriptCaches (158ms)
			SetupLoadedEditorAssemblies (1635ms)
				LogAssemblyErrors (0ms)
				InitializePlatformSupportModulesInManaged (28ms)
				SetLoadedEditorAssemblies (2ms)
				RefreshPlugins (3ms)
				BeforeProcessingInitializeOnLoad (295ms)
				ProcessInitializeOnLoadAttributes (1205ms)
				ProcessInitializeOnLoadMethodAttributes (53ms)
				AfterProcessingInitializeOnLoad (48ms)
				EditorAssembliesLoaded (1ms)
			ExecutionOrderSort2 (0ms)
			AwakeInstancesAfterBackupRestoration (66ms)
Platform modules already initialized, skipping
Refreshing native plugins compatible for Editor in 1.73 ms, found 4 plugins.
Preloading 0 native plugins for Editor in 0.00 ms.
Unloading 3676 Unused Serialized files (Serialized files now loaded: 0)
System memory in use before: 156.6 MB.
System memory in use after: 156.7 MB.

Unloading 27 unused Assets to reduce memory usage. Loaded Objects now: 4636.
Total: 7.835100 ms (FindLiveObjects: 0.657300 ms CreateObjectMapping: 0.245800 ms MarkObjects: 6.647200 ms  DeleteObjects: 0.281800 ms)

AssetImportParameters requested are different than current active one (requested -> active):
  custom:framework-win-MediaFoundation: 216162199b28c13a410421893ffa2e32 -> 
  custom:video-decoder-ogg-theora: a1e56fd34408186e4bbccfd4996cb3dc -> 
  custom:container-muxer-webm: aa71ff27fc2769a1b78a27578f13a17b -> 
  custom:container-demuxer-webm: 4f35f7cbe854078d1ac9338744f61a02 -> 
  custom:container-demuxer-ogg: 62fdf1f143b41e24485cea50d1cbac27 -> 
  custom:video-encoder-webm-vp8: eb34c28f22e8b96e1ab97ce403110664 -> 
  custom:video-decoder-webm-vp8: 9c59270c3fd7afecdb556c50c9e8de78 -> 
  custom:audio-decoder-ogg-vorbis: bf7c407c2cedff20999df2af8eb42d56 -> 
  custom:audio-encoder-webm-vorbis: bf7c407c2cedff20999df2af8eb42d56 -> 
========================================================================
Received Import Request.
  Time since last request: 83.585103 seconds.
  path: Assets/ScriptableObjects/CardBundleData.cs
  artifactKey: Guid(72cc4a408e52fc7439809f831abcdbd3) Importer(815301076,1909f56bfc062723c751e8b465ee728b)
Start importing Assets/ScriptableObjects/CardBundleData.cs using Guid(72cc4a408e52fc7439809f831abcdbd3) Importer(815301076,1909f56bfc062723c751e8b465ee728b)  -> (artifact id: '1e39c906e562717b7220debd051a30e0') in 0.015856 seconds 
========================================================================
Received Import Request.
  Time since last request: 8.702408 seconds.
  path: Assets/ScriptableObjects/Numbers.asset
  artifactKey: Guid(a9ec556b293088d46b28c5fff65cd2bd) Importer(815301076,1909f56bfc062723c751e8b465ee728b)
Start importing Assets/ScriptableObjects/Numbers.asset using Guid(a9ec556b293088d46b28c5fff65cd2bd) Importer(815301076,1909f56bfc062723c751e8b465ee728b)  -> (artifact id: '58453f9c610f32ac080506f04ceae68e') in 0.093290 seconds 
========================================================================
Received Import Request.
  Time since last request: 11.838537 seconds.
  path: Assets/Sprites
  artifactKey: Guid(c93e700b8836bfb41bf6ca9c02c0782a) Importer(815301076,1909f56bfc062723c751e8b465ee728b)
Start importing Assets/Sprites using Guid(c93e700b8836bfb41bf6ca9c02c0782a) Importer(815301076,1909f56bfc062723c751e8b465ee728b)  -> (artifact id: '3231201bcd4fd9a86f7e2500e61f6ecb') in 0.028796 seconds 
========================================================================
Received Import Request.
  Time since last request: 102.571879 seconds.
  path: Assets/Sprites/SD_NC_Cookies_1.png
  artifactKey: Guid(22c20bad39e6c5f4db582949e95c938b) Importer(815301076,1909f56bfc062723c751e8b465ee728b)
Start importing Assets/Sprites/SD_NC_Cookies_1.png using Guid(22c20bad39e6c5f4db582949e95c938b) Importer(815301076,1909f56bfc062723c751e8b465ee728b)  -> (artifact id: '5cf289c7367e320d5993c3b592c3d6cf') in 0.402989 seconds 
========================================================================
Received Import Request.
  Time since last request: 0.000487 seconds.
  path: Assets/Sprites/SD_NC_Cookies_3.png
  artifactKey: Guid(9346ae57a434fc64cbb06b6bf1d55b01) Importer(815301076,1909f56bfc062723c751e8b465ee728b)
Start importing Assets/Sprites/SD_NC_Cookies_3.png using Guid(9346ae57a434fc64cbb06b6bf1d55b01) Importer(815301076,1909f56bfc062723c751e8b465ee728b)  -> (artifact id: '063c64e52ff799961f9ae6a83461598d') in 0.117220 seconds 
========================================================================
Received Import Request.
  Time since last request: 0.000425 seconds.
  path: Assets/Sprites/SD_NC_Cookies_2.png
  artifactKey: Guid(956566d9b81b5464ebf13d55e8e87727) Importer(815301076,1909f56bfc062723c751e8b465ee728b)
Start importing Assets/Sprites/SD_NC_Cookies_2.png using Guid(956566d9b81b5464ebf13d55e8e87727) Importer(815301076,1909f56bfc062723c751e8b465ee728b)  -> (artifact id: '0b45cb04abec36b82b81efbdf2ec8cde') in 0.051728 seconds 
========================================================================
Received Import Request.
  Time since last request: 0.000581 seconds.
  path: Assets/Sprites/SD_NC_Cookies_4.png
  artifactKey: Guid(e0c4eb547cc6ade4f9d6097770d67b41) Importer(815301076,1909f56bfc062723c751e8b465ee728b)
Start importing Assets/Sprites/SD_NC_Cookies_4.png using Guid(e0c4eb547cc6ade4f9d6097770d67b41) Importer(815301076,1909f56bfc062723c751e8b465ee728b)  -> (artifact id: 'b73aa4e3aafa4bc0e557d95ca2b6af9a') in 0.093286 seconds 
========================================================================
Received Import Request.
  Time since last request: 14.559219 seconds.
  path: Assets/Sprites/SD_NC_Cookies_1.png
  artifactKey: Guid(22c20bad39e6c5f4db582949e95c938b) Importer(815301076,1909f56bfc062723c751e8b465ee728b)
Start importing Assets/Sprites/SD_NC_Cookies_1.png using Guid(22c20bad39e6c5f4db582949e95c938b) Importer(815301076,1909f56bfc062723c751e8b465ee728b)  -> (artifact id: '9ce21d822af1b278cc8a75c7d5be99ad') in 0.122951 seconds 
========================================================================
Received Import Request.
  Time since last request: 22.946658 seconds.
  path: Assets/Sprites/SD_NC_Cookies_2.png
  artifactKey: Guid(956566d9b81b5464ebf13d55e8e87727) Importer(815301076,1909f56bfc062723c751e8b465ee728b)
Start importing Assets/Sprites/SD_NC_Cookies_2.png using Guid(956566d9b81b5464ebf13d55e8e87727) Importer(815301076,1909f56bfc062723c751e8b465ee728b)  -> (artifact id: 'a9a29f2ec1e7c7aaca77cf7c286cbaad') in 0.049397 seconds 
========================================================================
Received Import Request.
  Time since last request: 8.219317 seconds.
  path: Assets/Sprites/SD_NC_Cookies_3.png
  artifactKey: Guid(9346ae57a434fc64cbb06b6bf1d55b01) Importer(815301076,1909f56bfc062723c751e8b465ee728b)
Start importing Assets/Sprites/SD_NC_Cookies_3.png using Guid(9346ae57a434fc64cbb06b6bf1d55b01) Importer(815301076,1909f56bfc062723c751e8b465ee728b)  -> (artifact id: '7f94b7a648cc2079dd69e05e517c823d') in 0.062759 seconds 
========================================================================
Received Import Request.
  Time since last request: 8.355669 seconds.
  path: Assets/Sprites/SD_NC_Cookies_4.png
  artifactKey: Guid(e0c4eb547cc6ade4f9d6097770d67b41) Importer(815301076,1909f56bfc062723c751e8b465ee728b)
Start importing Assets/Sprites/SD_NC_Cookies_4.png using Guid(e0c4eb547cc6ade4f9d6097770d67b41) Importer(815301076,1909f56bfc062723c751e8b465ee728b)  -> (artifact id: 'b67ca082d616ffd1535e9e023cd390fc') in 0.067708 seconds 
========================================================================
Received Import Request.
  Time since last request: 7.570189 seconds.
  path: Assets/Sprites/SD_NC_Cookies_4.png
  artifactKey: Guid(e0c4eb547cc6ade4f9d6097770d67b41) Importer(815301076,1909f56bfc062723c751e8b465ee728b)
Start importing Assets/Sprites/SD_NC_Cookies_4.png using Guid(e0c4eb547cc6ade4f9d6097770d67b41) Importer(815301076,1909f56bfc062723c751e8b465ee728b)  -> (artifact id: '0349d90d42bee4b9edb4019d7538b86a') in 0.060539 seconds 
========================================================================
Received Import Request.
  Time since last request: 106.701673 seconds.
  path: Assets/ScriptableObjects/Letters.asset
  artifactKey: Guid(069b147e99d5a1243ade58a7f305bacb) Importer(815301076,1909f56bfc062723c751e8b465ee728b)
Start importing Assets/ScriptableObjects/Letters.asset using Guid(069b147e99d5a1243ade58a7f305bacb) Importer(815301076,1909f56bfc062723c751e8b465ee728b)  -> (artifact id: 'fc3cac53e088d05e05a2ea1c9acaca07') in 0.035815 seconds 
========================================================================
Received Prepare
Registering precompiled user dll's ...
Registered in 0.027161 seconds.
Begin MonoManager ReloadAssembly
Symbol file LoadedFromMemory doesn't match image C:\gamedev\amayasoftta\AmayaSoftTA\Library\PackageCache\com.unity.visualscripting@1.6.1\Editor\VisualScripting.Core\Dependencies\YamlDotNet\Unity.VisualScripting.YamlDotNet.dll
Symbol file LoadedFromMemory doesn't match image C:\gamedev\amayasoftta\AmayaSoftTA\Library\PackageCache\com.unity.visualscripting@1.6.1\Editor\VisualScripting.Core\Dependencies\DotNetZip\Unity.VisualScripting.IonicZip.dll
Native extension for WindowsStandalone target not found
Refreshing native plugins compatible for Editor in 3.93 ms, found 4 plugins.
Preloading 0 native plugins for Editor in 0.00 ms.
Mono: successfully reloaded assembly
- Completed reload, in  4.139 seconds
Domain Reload Profiling:
	ReloadAssembly (4140ms)
		BeginReloadAssembly (316ms)
			ExecutionOrderSort (0ms)
			DisableScriptedObjects (24ms)
			BackupInstance (0ms)
			ReleaseScriptingObjects (0ms)
			CreateAndSetChildDomain (94ms)
		EndReloadAssembly (3653ms)
			LoadAssemblies (274ms)
			RebuildTransferFunctionScriptingTraits (0ms)
			SetupTypeCache (1020ms)
			ReleaseScriptCaches (4ms)
			RebuildScriptCaches (180ms)
			SetupLoadedEditorAssemblies (1463ms)
				LogAssemblyErrors (0ms)
				InitializePlatformSupportModulesInManaged (26ms)
				SetLoadedEditorAssemblies (2ms)
				RefreshPlugins (4ms)
				BeforeProcessingInitializeOnLoad (564ms)
				ProcessInitializeOnLoadAttributes (824ms)
				ProcessInitializeOnLoadMethodAttributes (24ms)
				AfterProcessingInitializeOnLoad (18ms)
				EditorAssembliesLoaded (1ms)
			ExecutionOrderSort2 (0ms)
			AwakeInstancesAfterBackupRestoration (63ms)
Platform modules already initialized, skipping
Refreshing native plugins compatible for Editor in 1.82 ms, found 4 plugins.
Preloading 0 native plugins for Editor in 0.00 ms.
Unloading 3677 Unused Serialized files (Serialized files now loaded: 0)
System memory in use before: 160.4 MB.
System memory in use after: 160.6 MB.

Unloading 27 unused Assets to reduce memory usage. Loaded Objects now: 4770.
Total: 8.576300 ms (FindLiveObjects: 0.710600 ms CreateObjectMapping: 0.254800 ms MarkObjects: 7.342900 ms  DeleteObjects: 0.264700 ms)

AssetImportParameters requested are different than current active one (requested -> active):
  custom:framework-win-MediaFoundation: 216162199b28c13a410421893ffa2e32 -> 
  custom:video-decoder-ogg-theora: a1e56fd34408186e4bbccfd4996cb3dc -> 
  custom:container-muxer-webm: aa71ff27fc2769a1b78a27578f13a17b -> 
  custom:container-demuxer-webm: 4f35f7cbe854078d1ac9338744f61a02 -> 
  custom:container-demuxer-ogg: 62fdf1f143b41e24485cea50d1cbac27 -> 
  custom:video-encoder-webm-vp8: eb34c28f22e8b96e1ab97ce403110664 -> 
  custom:video-decoder-webm-vp8: 9c59270c3fd7afecdb556c50c9e8de78 -> 
  custom:audio-decoder-ogg-vorbis: bf7c407c2cedff20999df2af8eb42d56 -> 
  custom:audio-encoder-webm-vorbis: bf7c407c2cedff20999df2af8eb42d56 -> 
========================================================================
Received Import Request.
  Time since last request: 242.103920 seconds.
  path: Assets/Prefabs
  artifactKey: Guid(515de54d6e346674e82b7e7a3019d7da) Importer(815301076,1909f56bfc062723c751e8b465ee728b)
Start importing Assets/Prefabs using Guid(515de54d6e346674e82b7e7a3019d7da) Importer(815301076,1909f56bfc062723c751e8b465ee728b)  -> (artifact id: 'ccdb91d7f9124a672c1322eb5a19bb69') in 0.044948 seconds 
========================================================================
Received Import Request.
  Time since last request: 403.730501 seconds.
  path: Assets/Prefabs/Button.prefab
  artifactKey: Guid(d62572b14c7d79f48900b6bb2756ff34) Importer(815301076,1909f56bfc062723c751e8b465ee728b)
Start importing Assets/Prefabs/Button.prefab using Guid(d62572b14c7d79f48900b6bb2756ff34) Importer(815301076,1909f56bfc062723c751e8b465ee728b)  -> (artifact id: '537e9dbb425213d085c202ca27beda32') in 0.144832 seconds 
AssetImportWorkerClient::OnTransportError - code=2 error=End of file
